<?xml version="1.0" encoding="UTF-8"?>
<testng-results ignored="0" total="1" passed="1" failed="0" skipped="0">
  <reporter-output>
  </reporter-output>
  <suite started-at="2022-08-26T03:42:58 IST" name="Default suite" finished-at="2022-08-26T03:43:28 IST" duration-ms="29303">
    <groups>
    </groups>
    <test started-at="2022-08-26T03:42:58 IST" name="Default test" finished-at="2022-08-26T03:43:28 IST" duration-ms="29303">
      <class name="org.tyss.dream11.VerifyBottonNavigationbarOnHomeTest">
        <test-method is-config="true" signature="suiteSetup()[pri:0, instance:org.tyss.dream11.VerifyBottonNavigationbarOnHomeTest@402c4085]" started-at="2022-08-26T03:42:57 IST" name="suiteSetup" finished-at="2022-08-26T03:42:58 IST" duration-ms="1265" status="PASS">
          <reporter-output>
          </reporter-output>
        </test-method> <!-- suiteSetup -->
        <test-method is-config="true" signature="openApp()[pri:0, instance:org.tyss.dream11.VerifyBottonNavigationbarOnHomeTest@402c4085]" started-at="2022-08-26T03:42:58 IST" name="openApp" finished-at="2022-08-26T03:43:15 IST" duration-ms="16389" status="PASS">
          <reporter-output>
          </reporter-output>
        </test-method> <!-- openApp -->
        <test-method signature="verifyBottonNavigationbarOnHomeTest()[pri:0, instance:org.tyss.dream11.VerifyBottonNavigationbarOnHomeTest@402c4085]" started-at="2022-08-26T03:43:15 IST" name="verifyBottonNavigationbarOnHomeTest" finished-at="2022-08-26T03:43:27 IST" duration-ms="12382" status="PASS">
          <reporter-output>
          </reporter-output>
        </test-method> <!-- verifyBottonNavigationbarOnHomeTest -->
        <test-method is-config="true" signature="closeApp()[pri:0, instance:org.tyss.dream11.VerifyBottonNavigationbarOnHomeTest@402c4085]" started-at="2022-08-26T03:43:27 IST" name="closeApp" finished-at="2022-08-26T03:43:28 IST" duration-ms="482" status="PASS">
          <reporter-output>
          </reporter-output>
        </test-method> <!-- closeApp -->
        <test-method is-config="true" signature="suiteTeardown()[pri:0, instance:org.tyss.dream11.VerifyBottonNavigationbarOnHomeTest@402c4085]" started-at="2022-08-26T03:43:28 IST" name="suiteTeardown" finished-at="2022-08-26T03:43:28 IST" duration-ms="1" status="PASS">
          <reporter-output>
          </reporter-output>
        </test-method> <!-- suiteTeardown -->
      </class> <!-- org.tyss.dream11.VerifyBottonNavigationbarOnHomeTest -->
    </test> <!-- Default test -->
  </suite> <!-- Default suite -->
</testng-results>
